-------------------------------------------------------------------------------
Test set: com.afisha.demo.DemoApplicationTests
-------------------------------------------------------------------------------
Tests run: 1, Failures: 0, Errors: 1, Skipped: 0, Time elapsed: 1.369 s <<< FAILURE! - in com.afisha.demo.DemoApplicationTests
com.afisha.demo.DemoApplicationTests  Time elapsed: 1.369 s  <<< ERROR!
java.lang.IllegalStateException: Unable to find a @SpringBootConfiguration, you need to use @ContextConfiguration or @SpringBootTest(classes=...) with your test

